此文件为此项目的更新日志
用字母表示的代表忘了具体日期(emmmmm)

1.0 (2023/1/2x)
    基础:
        制作基础界面
        添加基础命令
    
2.0 (2023/1/n)
    添加Github项目
    添加初始界面
    添加README.md
    添加一个简单的EasyWebSvr.exe并自动设置
    
2.1 (2023/1/m)
    初步适配vim

2.2 (2023/1/15)
    添加此更新日志
    完善README
    完善makeData.py的参数解析
    完善main.js的jsDoc
    隐藏滚动条
    优化vim
    
2.3 (2023/1/27)
    添加部分多语言支持
    修复命令函数中报错问题
    修改命令执行方式(eval -> Function)
    修复BUG
    
2.3.1 (2023/1/28)
    修复getData无法创建文件的BUG
    优化代码
    
2.3.2 (2023/1/30)
    在启动提示中添加语言切换功能
    修复BUG

2.3.3 (2023/2/4)
    更新README
    计划添加背景图片
    
2.3.4 (2023/2/5)
    第三次尝试分离main.js失败
    优化代码

3.0.0 (2023/4/2)
    愚人节快乐！
    修改逻辑:
        将命令单独分离进command文件夹
        将命令添加进data.json
    优化代码
    
4.0.0 (2023/4/25)
    文件系统大型修改！
        详见README.md
    
    添加make.py
        用于在修改command后自动保存至data.json里
    
    预祝五一劳动节快乐！(放假万岁！)
    